[23:20:19] [main/WARN]: Ambiguity between arguments [teleport, destination] and [teleport, targets] with inputs: [Player, 0123, @e, dd12be42-52a9-4a91-a8a1-11c01849e498]
[23:20:19] [main/WARN]: Ambiguity between arguments [teleport, location] and [teleport, destination] with inputs: [0.1 -0.5 .9, 0 0 0]
[23:20:19] [main/WARN]: Ambiguity between arguments [teleport, location] and [teleport, targets] with inputs: [0.1 -0.5 .9, 0 0 0]
[23:20:19] [main/WARN]: Ambiguity between arguments [teleport, targets] and [teleport, destination] with inputs: [Player, 0123, dd12be42-52a9-4a91-a8a1-11c01849e498]
[23:20:19] [main/WARN]: Ambiguity between arguments [teleport, targets, location] and [teleport, targets, destination] with inputs: [0.1 -0.5 .9, 0 0 0]
[23:20:22] [Server thread/INFO]: Starting minecraft server version 1.14.4
[23:20:22] [Server thread/INFO]: Loading properties
[23:20:22] [Server thread/INFO]: Default game type: SURVIVAL
[23:20:22] [Server thread/INFO]: Generating keypair
[23:20:22] [Server console handler/ERROR]: Exception handling console input
java.io.IOException: The handle is invalid
	at java.io.FileInputStream.readBytes(Native Method) ~[?:1.8.0_211]
	at java.io.FileInputStream.read(Unknown Source) ~[?:1.8.0_211]
	at java.io.BufferedInputStream.read1(Unknown Source) ~[?:1.8.0_211]
	at java.io.BufferedInputStream.read(Unknown Source) ~[?:1.8.0_211]
	at sun.nio.cs.StreamDecoder.readBytes(Unknown Source) ~[?:1.8.0_211]
	at sun.nio.cs.StreamDecoder.implRead(Unknown Source) ~[?:1.8.0_211]
	at sun.nio.cs.StreamDecoder.read(Unknown Source) ~[?:1.8.0_211]
	at java.io.InputStreamReader.read(Unknown Source) ~[?:1.8.0_211]
	at java.io.BufferedReader.fill(Unknown Source) ~[?:1.8.0_211]
	at java.io.BufferedReader.readLine(Unknown Source) ~[?:1.8.0_211]
	at java.io.BufferedReader.readLine(Unknown Source) ~[?:1.8.0_211]
	at uk$2.run(SourceFile:109) [server.jar:?]
[23:20:24] [Server thread/INFO]: Starting Minecraft server on *:25565
[23:20:24] [Server thread/INFO]: Using default channel type
[23:20:30] [Server thread/INFO]: Preparing level "world"
[23:20:30] [Server thread/INFO]: Reloading ResourceManager: Default
[23:20:34] [Server thread/INFO]: Loaded 6 recipes
[23:20:36] [Server thread/INFO]: Loaded 811 advancements
[23:20:39] [Server thread/INFO]: Preparing start region for dimension minecraft:overworld
[23:21:01] [Server thread/INFO]: Preparing spawn area: 0%
[23:21:01] [Server thread/INFO]: Preparing spawn area: 0%
[23:21:01] [Server thread/INFO]: Preparing spawn area: 0%
[23:21:01] [Server thread/INFO]: Preparing spawn area: 0%
[23:21:01] [Server thread/INFO]: Preparing spawn area: 0%
[23:21:01] [Server thread/INFO]: Preparing spawn area: 0%
[23:21:01] [Server thread/INFO]: Preparing spawn area: 0%
[23:21:01] [Server thread/INFO]: Preparing spawn area: 0%
[23:21:01] [Server thread/INFO]: Preparing spawn area: 0%
[23:21:01] [Server thread/INFO]: Preparing spawn area: 0%
[23:21:01] [Server thread/INFO]: Preparing spawn area: 0%
[23:21:01] [Server thread/INFO]: Preparing spawn area: 0%
[23:21:01] [Server thread/INFO]: Preparing spawn area: 0%
[23:21:01] [Server thread/INFO]: Preparing spawn area: 0%
[23:21:01] [Server thread/INFO]: Preparing spawn area: 0%
[23:21:01] [Server thread/INFO]: Preparing spawn area: 0%
[23:21:01] [Server thread/INFO]: Preparing spawn area: 0%
[23:21:01] [Server thread/INFO]: Preparing spawn area: 0%
[23:21:01] [Server thread/INFO]: Preparing spawn area: 0%
[23:21:01] [Server thread/INFO]: Preparing spawn area: 0%
[23:21:01] [Server thread/INFO]: Preparing spawn area: 0%
[23:21:01] [Server thread/INFO]: Preparing spawn area: 0%
[23:21:01] [Server thread/INFO]: Preparing spawn area: 0%
[23:21:01] [Server thread/INFO]: Preparing spawn area: 0%
[23:21:01] [Server thread/INFO]: Preparing spawn area: 0%
[23:21:01] [Server thread/INFO]: Preparing spawn area: 0%
[23:21:01] [Server thread/INFO]: Preparing spawn area: 0%
[23:21:01] [Server thread/INFO]: Preparing spawn area: 0%
[23:21:01] [Server thread/INFO]: Preparing spawn area: 0%
[23:21:01] [Server thread/INFO]: Preparing spawn area: 0%
[23:21:01] [Server thread/INFO]: Preparing spawn area: 0%
[23:21:01] [Server thread/INFO]: Preparing spawn area: 0%
[23:21:01] [Server thread/INFO]: Preparing spawn area: 0%
[23:21:01] [Server thread/INFO]: Preparing spawn area: 0%
[23:21:01] [Server thread/INFO]: Preparing spawn area: 0%
[23:21:01] [Server thread/INFO]: Preparing spawn area: 0%
[23:21:01] [Server thread/INFO]: Preparing spawn area: 0%
[23:21:01] [Server thread/INFO]: Preparing spawn area: 0%
[23:21:01] [Server thread/INFO]: Preparing spawn area: 0%
[23:21:01] [Server thread/INFO]: Preparing spawn area: 0%
[23:21:01] [Server thread/INFO]: Preparing spawn area: 0%
[23:21:01] [Server thread/INFO]: Preparing spawn area: 0%
[23:21:01] [Server thread/INFO]: Preparing spawn area: 0%
[23:21:01] [Server thread/INFO]: Preparing spawn area: 0%
[23:21:01] [Server thread/INFO]: Preparing spawn area: 0%
[23:21:45] [Server-Worker-2/INFO]: Preparing spawn area: 0%
[23:21:45] [Server-Worker-3/INFO]: Preparing spawn area: 0%
[23:21:45] [Server-Worker-3/INFO]: Preparing spawn area: 0%
[23:21:45] [Server-Worker-3/INFO]: Preparing spawn area: 0%
[23:21:45] [Server-Worker-3/INFO]: Preparing spawn area: 0%
[23:21:45] [Server-Worker-3/INFO]: Preparing spawn area: 0%
[23:21:45] [Server-Worker-3/INFO]: Preparing spawn area: 0%
[23:21:45] [Server-Worker-3/INFO]: Preparing spawn area: 0%
[23:21:45] [Server-Worker-2/INFO]: Preparing spawn area: 0%
[23:21:45] [Server-Worker-2/INFO]: Preparing spawn area: 0%
[23:21:45] [Server-Worker-2/INFO]: Preparing spawn area: 0%
[23:21:45] [Server-Worker-2/INFO]: Preparing spawn area: 0%
[23:21:45] [Server-Worker-2/INFO]: Preparing spawn area: 0%
[23:21:45] [Server-Worker-2/INFO]: Preparing spawn area: 0%
[23:21:45] [Server-Worker-2/INFO]: Preparing spawn area: 0%
[23:21:45] [Server-Worker-2/INFO]: Preparing spawn area: 0%
[23:21:45] [Server-Worker-2/INFO]: Preparing spawn area: 0%
[23:21:45] [Server-Worker-2/INFO]: Preparing spawn area: 0%
[23:21:45] [Server-Worker-2/INFO]: Preparing spawn area: 0%
[23:21:45] [Server-Worker-2/INFO]: Preparing spawn area: 0%
[23:21:45] [Server-Worker-2/INFO]: Preparing spawn area: 0%
[23:21:45] [Server-Worker-2/INFO]: Preparing spawn area: 0%
[23:21:45] [Server-Worker-3/INFO]: Preparing spawn area: 0%
[23:21:45] [Server-Worker-2/INFO]: Preparing spawn area: 0%
[23:21:45] [Server-Worker-1/INFO]: Preparing spawn area: 0%
[23:21:45] [Server-Worker-1/INFO]: Preparing spawn area: 0%
[23:21:45] [Server-Worker-1/INFO]: Preparing spawn area: 0%
[23:21:45] [Server-Worker-1/INFO]: Preparing spawn area: 0%
[23:21:45] [Server-Worker-1/INFO]: Preparing spawn area: 0%
[23:21:45] [Server-Worker-1/INFO]: Preparing spawn area: 0%
[23:21:45] [Server-Worker-1/INFO]: Preparing spawn area: 0%
[23:21:45] [Server-Worker-1/INFO]: Preparing spawn area: 0%
[23:21:45] [Server-Worker-1/INFO]: Preparing spawn area: 0%
[23:21:45] [Server-Worker-1/INFO]: Preparing spawn area: 0%
[23:21:45] [Server-Worker-1/INFO]: Preparing spawn area: 0%
[23:21:45] [Server-Worker-1/INFO]: Preparing spawn area: 0%
[23:21:45] [Server-Worker-1/INFO]: Preparing spawn area: 0%
[23:21:45] [Server-Worker-1/INFO]: Preparing spawn area: 0%
[23:21:45] [Server-Worker-1/INFO]: Preparing spawn area: 0%
[23:21:45] [Server-Worker-1/INFO]: Preparing spawn area: 0%
[23:21:45] [Server-Worker-1/INFO]: Preparing spawn area: 0%
[23:21:45] [Server-Worker-1/INFO]: Preparing spawn area: 0%
[23:21:45] [Server-Worker-2/INFO]: Preparing spawn area: 0%
[23:21:45] [Server-Worker-2/INFO]: Preparing spawn area: 0%
[23:21:45] [Server-Worker-1/INFO]: Preparing spawn area: 0%
[23:21:45] [Server-Worker-2/INFO]: Preparing spawn area: 0%
[23:21:45] [Server-Worker-1/INFO]: Preparing spawn area: 0%
[23:21:45] [Server-Worker-2/INFO]: Preparing spawn area: 0%
[23:21:45] [Server-Worker-1/INFO]: Preparing spawn area: 0%
[23:21:45] [Server-Worker-1/INFO]: Preparing spawn area: 0%
[23:21:45] [Server-Worker-3/INFO]: Preparing spawn area: 0%
[23:21:45] [Server-Worker-1/INFO]: Preparing spawn area: 0%
[23:21:45] [Server-Worker-2/INFO]: Preparing spawn area: 0%
[23:21:45] [Server-Worker-2/INFO]: Preparing spawn area: 0%
[23:21:45] [Server-Worker-2/INFO]: Preparing spawn area: 0%
[23:21:45] [Server-Worker-1/INFO]: Preparing spawn area: 0%
[23:21:45] [Server-Worker-1/INFO]: Preparing spawn area: 0%
[23:21:45] [Server-Worker-1/INFO]: Preparing spawn area: 0%
[23:21:45] [Server-Worker-1/INFO]: Preparing spawn area: 0%
[23:21:45] [Server-Worker-3/INFO]: Preparing spawn area: 0%
[23:21:45] [Server-Worker-3/INFO]: Preparing spawn area: 0%
[23:21:45] [Server-Worker-2/INFO]: Preparing spawn area: 0%
[23:21:45] [Server-Worker-2/INFO]: Preparing spawn area: 0%
[23:21:45] [Server-Worker-1/INFO]: Preparing spawn area: 0%
[23:21:45] [Server-Worker-3/INFO]: Preparing spawn area: 0%
[23:21:45] [Server-Worker-3/INFO]: Preparing spawn area: 0%
[23:21:45] [Server-Worker-1/INFO]: Preparing spawn area: 0%
[23:21:45] [Server-Worker-3/INFO]: Preparing spawn area: 0%
[23:21:45] [Server-Worker-3/INFO]: Preparing spawn area: 0%
[23:21:45] [Server-Worker-3/INFO]: Preparing spawn area: 0%
[23:21:45] [Server-Worker-3/INFO]: Preparing spawn area: 0%
[23:21:45] [Server-Worker-3/INFO]: Preparing spawn area: 0%
[23:21:45] [Server-Worker-2/INFO]: Preparing spawn area: 0%
[23:21:45] [Server-Worker-1/INFO]: Preparing spawn area: 0%
[23:21:45] [Server-Worker-2/INFO]: Preparing spawn area: 0%
[23:21:45] [Server-Worker-2/INFO]: Preparing spawn area: 0%
[23:21:45] [Server-Worker-2/INFO]: Preparing spawn area: 0%
[23:21:45] [Server-Worker-2/INFO]: Preparing spawn area: 0%
[23:21:45] [Server-Worker-2/INFO]: Preparing spawn area: 0%
[23:21:45] [Server-Worker-2/INFO]: Preparing spawn area: 0%
[23:21:45] [Server-Worker-2/INFO]: Preparing spawn area: 0%
[23:21:45] [Server-Worker-2/INFO]: Preparing spawn area: 0%
[23:21:45] [Server-Worker-2/INFO]: Preparing spawn area: 0%
[23:21:45] [Server-Worker-2/INFO]: Preparing spawn area: 0%
[23:21:45] [Server-Worker-2/INFO]: Preparing spawn area: 0%
[23:21:45] [Server-Worker-2/INFO]: Preparing spawn area: 0%
[23:21:45] [Server-Worker-2/INFO]: Preparing spawn area: 0%
[23:21:45] [Server-Worker-2/INFO]: Preparing spawn area: 0%
[23:21:47] [Server thread/INFO]: Preparing spawn area: 0%
[23:21:47] [Server thread/INFO]: Preparing spawn area: 0%
[23:21:47] [Server thread/INFO]: Preparing spawn area: 0%
[23:21:47] [Server thread/INFO]: Preparing spawn area: 0%
[23:21:58] [Server-Worker-3/INFO]: Preparing spawn area: 83%
[23:21:58] [Server-Worker-3/INFO]: Preparing spawn area: 83%
[23:21:58] [Server-Worker-3/INFO]: Preparing spawn area: 83%
[23:21:58] [Server-Worker-2/INFO]: Preparing spawn area: 83%
[23:21:58] [Server-Worker-3/INFO]: Preparing spawn area: 83%
[23:21:58] [Server-Worker-1/INFO]: Preparing spawn area: 83%
[23:21:58] [Server-Worker-2/INFO]: Preparing spawn area: 83%
[23:21:58] [Server-Worker-2/INFO]: Preparing spawn area: 83%
[23:21:58] [Server-Worker-1/INFO]: Preparing spawn area: 83%
[23:21:58] [Server-Worker-3/INFO]: Preparing spawn area: 83%
[23:21:58] [Server-Worker-1/INFO]: Preparing spawn area: 83%
[23:21:58] [Server-Worker-1/INFO]: Preparing spawn area: 83%
[23:21:58] [Server-Worker-1/INFO]: Preparing spawn area: 83%
[23:21:58] [Server-Worker-1/INFO]: Preparing spawn area: 83%
[23:21:58] [Server-Worker-1/INFO]: Preparing spawn area: 83%
[23:21:58] [Server-Worker-1/INFO]: Preparing spawn area: 83%
[23:21:58] [Server-Worker-1/INFO]: Preparing spawn area: 83%
[23:21:58] [Server-Worker-1/INFO]: Preparing spawn area: 83%
[23:21:58] [Server-Worker-1/INFO]: Preparing spawn area: 83%
[23:21:58] [Server-Worker-3/INFO]: Preparing spawn area: 83%
[23:21:58] [Server-Worker-3/INFO]: Preparing spawn area: 83%
[23:21:58] [Server-Worker-1/INFO]: Preparing spawn area: 83%
[23:21:58] [Server-Worker-3/INFO]: Preparing spawn area: 83%
[23:21:59] [Server-Worker-3/INFO]: Preparing spawn area: 83%
[23:21:59] [Server-Worker-3/INFO]: Preparing spawn area: 83%
[23:22:00] [Server-Worker-2/INFO]: Preparing spawn area: 83%
[23:22:00] [Server-Worker-1/INFO]: Preparing spawn area: 83%
[23:22:01] [Server-Worker-1/INFO]: Preparing spawn area: 83%
[23:22:01] [Server-Worker-2/INFO]: Preparing spawn area: 83%
[23:22:02] [Server-Worker-1/INFO]: Preparing spawn area: 83%
[23:22:02] [Server-Worker-3/INFO]: Preparing spawn area: 83%
[23:22:03] [Server-Worker-1/INFO]: Preparing spawn area: 83%
[23:22:03] [Server-Worker-2/INFO]: Preparing spawn area: 83%
[23:22:04] [Server-Worker-2/INFO]: Preparing spawn area: 83%
[23:22:04] [Server-Worker-2/INFO]: Preparing spawn area: 83%
[23:22:05] [Server-Worker-2/INFO]: Preparing spawn area: 83%
[23:22:06] [Server-Worker-2/INFO]: Preparing spawn area: 83%
[23:22:06] [Server-Worker-2/INFO]: Preparing spawn area: 83%
[23:22:06] [Server-Worker-2/INFO]: Preparing spawn area: 83%
[23:22:07] [Server-Worker-1/INFO]: Preparing spawn area: 83%
[23:22:07] [Server-Worker-1/INFO]: Preparing spawn area: 83%
[23:22:08] [Server-Worker-3/INFO]: Preparing spawn area: 83%
[23:22:08] [Server-Worker-2/INFO]: Preparing spawn area: 83%
[23:22:09] [Server-Worker-3/INFO]: Preparing spawn area: 83%
[23:22:09] [Server-Worker-2/INFO]: Preparing spawn area: 83%
[23:22:10] [Server-Worker-2/INFO]: Preparing spawn area: 83%
[23:22:10] [Server-Worker-2/INFO]: Preparing spawn area: 84%
[23:22:11] [Server-Worker-2/INFO]: Preparing spawn area: 84%
[23:22:11] [Server-Worker-1/INFO]: Preparing spawn area: 84%
[23:22:12] [Server-Worker-3/INFO]: Preparing spawn area: 85%
[23:22:12] [Server thread/INFO]: Preparing spawn area: 85%
[23:22:13] [Server-Worker-1/INFO]: Preparing spawn area: 88%
[23:22:13] [Server-Worker-3/INFO]: Preparing spawn area: 88%
[23:22:14] [Server-Worker-3/INFO]: Preparing spawn area: 90%
[23:22:14] [Server-Worker-2/INFO]: Preparing spawn area: 90%
[23:22:15] [Server-Worker-3/INFO]: Preparing spawn area: 90%
[23:22:16] [Server thread/INFO]: Preparing spawn area: 96%
[23:22:16] [Server thread/INFO]: Preparing spawn area: 96%
[23:22:16] [Server thread/INFO]: Preparing spawn area: 96%
[23:22:16] [Server thread/INFO]: Time elapsed: 97616 ms
[23:22:16] [Server thread/INFO]: Done (106.958s)! For help, type "help"
[23:22:20] [Server thread/WARN]: Can't keep up! Is the server overloaded? Running 2081ms or 41 ticks behind
[23:23:53] [Server thread/WARN]: Can't keep up! Is the server overloaded? Running 12930ms or 258 ticks behind
[23:24:40] [Server thread/WARN]: Can't keep up! Is the server overloaded? Running 32108ms or 642 ticks behind
[23:27:54] [Server thread/WARN]: Can't keep up! Is the server overloaded? Running 3783ms or 75 ticks behind
[23:29:26] [Server thread/INFO]: Unknown command
[23:29:26] [Server thread/INFO]: start<--[HERE]
[23:29:49] [Server thread/INFO]: Unknown command
[23:29:49] [Server thread/INFO]: /start<--[HERE]
[23:30:04] [Server thread/INFO]: Stopping server
[23:30:04] [Server thread/INFO]: Saving players
[23:30:04] [Server thread/INFO]: Saving worlds
[23:30:04] [Server thread/INFO]: Saving chunks for level 'world'/minecraft:overworld
[23:30:04] [Server thread/INFO]: ThreadedAnvilChunkStorage (world): All chunks are saved
[23:30:04] [Server thread/INFO]: Saving chunks for level 'world'/minecraft:the_end
[23:30:04] [Server thread/INFO]: ThreadedAnvilChunkStorage (DIM1): All chunks are saved
[23:30:04] [Server thread/INFO]: Saving chunks for level 'world'/minecraft:the_nether
[23:30:04] [Server thread/INFO]: ThreadedAnvilChunkStorage (DIM-1): All chunks are saved
[23:30:04] [Server thread/INFO]: ThreadedAnvilChunkStorage (world): All chunks are saved
[23:30:04] [Server thread/INFO]: ThreadedAnvilChunkStorage (DIM1): All chunks are saved
[23:30:04] [Server thread/INFO]: ThreadedAnvilChunkStorage (DIM-1): All chunks are saved
